Script handler ready. Waiting for a while to ensure all other mods are done messing with NEI.
Starting NEI Filter scripting. This might take a moment to load all the modules...
Engine: JAVASCRIPT
Setting up Java Library...
Setting up FML Library...
Setting up NEI Library...
Setting up CreativeTab library...
DragonAPI:minecraft:bed_technical has a bad registry name! Attempting to parse and reassemble correctly...
Parsed bad name into: modid: DragonAPI, name: minecraft:bed_technical. If this is not correct please report it as a bug!
The mod DragonAPI is registering items or blocks with bad registry names. Names should not contain multiple colons as it breaks the ability to do reverse-lookups through FML. Please tell whoever made this mod that this should be changed!
DragonAPI:minecraft:brewing_stand_technical has a bad registry name! Attempting to parse and reassemble correctly...
Parsed bad name into: modid: DragonAPI, name: minecraft:brewing_stand_technical. If this is not correct please report it as a bug!
DragonAPI:minecraft:cake_technical has a bad registry name! Attempting to parse and reassemble correctly...
Parsed bad name into: modid: DragonAPI, name: minecraft:cake_technical. If this is not correct please report it as a bug!
DragonAPI:minecraft:cauldron_technical has a bad registry name! Attempting to parse and reassemble correctly...
Parsed bad name into: modid: DragonAPI, name: minecraft:cauldron_technical. If this is not correct please report it as a bug!
DragonAPI:minecraft:flower_pot_technical has a bad registry name! Attempting to parse and reassemble correctly...
Parsed bad name into: modid: DragonAPI, name: minecraft:flower_pot_technical. If this is not correct please report it as a bug!
DragonAPI:minecraft:iron_door_technical has a bad registry name! Attempting to parse and reassemble correctly...
Parsed bad name into: modid: DragonAPI, name: minecraft:iron_door_technical. If this is not correct please report it as a bug!
DragonAPI:minecraft:lit_redstone_lamp_technical has a bad registry name! Attempting to parse and reassemble correctly...
Parsed bad name into: modid: DragonAPI, name: minecraft:lit_redstone_lamp_technical. If this is not correct please report it as a bug!
DragonAPI:minecraft:lit_redstone_ore_technical has a bad registry name! Attempting to parse and reassemble correctly...
Parsed bad name into: modid: DragonAPI, name: minecraft:lit_redstone_ore_technical. If this is not correct please report it as a bug!
DragonAPI:minecraft:melon_stem_technical has a bad registry name! Attempting to parse and reassemble correctly...
Parsed bad name into: modid: DragonAPI, name: minecraft:melon_stem_technical. If this is not correct please report it as a bug!
DragonAPI:minecraft:nether_wart_technical has a bad registry name! Attempting to parse and reassemble correctly...
Parsed bad name into: modid: DragonAPI, name: minecraft:nether_wart_technical. If this is not correct please report it as a bug!
DragonAPI:minecraft:piston_head_technical has a bad registry name! Attempting to parse and reassemble correctly...
Parsed bad name into: modid: DragonAPI, name: minecraft:piston_head_technical. If this is not correct please report it as a bug!
DragonAPI:minecraft:powered_comparator_technical has a bad registry name! Attempting to parse and reassemble correctly...
Parsed bad name into: modid: DragonAPI, name: minecraft:powered_comparator_technical. If this is not correct please report it as a bug!
DragonAPI:minecraft:powered_repeater_technical has a bad registry name! Attempting to parse and reassemble correctly...
Parsed bad name into: modid: DragonAPI, name: minecraft:powered_repeater_technical. If this is not correct please report it as a bug!
DragonAPI:minecraft:pumpkin_stem_technical has a bad registry name! Attempting to parse and reassemble correctly...
Parsed bad name into: modid: DragonAPI, name: minecraft:pumpkin_stem_technical. If this is not correct please report it as a bug!
DragonAPI:minecraft:redstone_wire_technical has a bad registry name! Attempting to parse and reassemble correctly...
Parsed bad name into: modid: DragonAPI, name: minecraft:redstone_wire_technical. If this is not correct please report it as a bug!
DragonAPI:minecraft:reeds_technical has a bad registry name! Attempting to parse and reassemble correctly...
Parsed bad name into: modid: DragonAPI, name: minecraft:reeds_technical. If this is not correct please report it as a bug!
DragonAPI:minecraft:skull_technical has a bad registry name! Attempting to parse and reassemble correctly...
Parsed bad name into: modid: DragonAPI, name: minecraft:skull_technical. If this is not correct please report it as a bug!
DragonAPI:minecraft:standing_sign_technical has a bad registry name! Attempting to parse and reassemble correctly...
Parsed bad name into: modid: DragonAPI, name: minecraft:standing_sign_technical. If this is not correct please report it as a bug!
DragonAPI:minecraft:tripwire_technical has a bad registry name! Attempting to parse and reassemble correctly...
Parsed bad name into: modid: DragonAPI, name: minecraft:tripwire_technical. If this is not correct please report it as a bug!
DragonAPI:minecraft:unlit_redstone_torch_technical has a bad registry name! Attempting to parse and reassemble correctly...
Parsed bad name into: modid: DragonAPI, name: minecraft:unlit_redstone_torch_technical. If this is not correct please report it as a bug!
DragonAPI:minecraft:unpowered_comparator_technical has a bad registry name! Attempting to parse and reassemble correctly...
Parsed bad name into: modid: DragonAPI, name: minecraft:unpowered_comparator_technical. If this is not correct please report it as a bug!
DragonAPI:minecraft:unpowered_repeater_technical has a bad registry name! Attempting to parse and reassemble correctly...
Parsed bad name into: modid: DragonAPI, name: minecraft:unpowered_repeater_technical. If this is not correct please report it as a bug!
DragonAPI:minecraft:wall_sign_technical has a bad registry name! Attempting to parse and reassemble correctly...
Parsed bad name into: modid: DragonAPI, name: minecraft:wall_sign_technical. If this is not correct please report it as a bug!
DragonAPI:minecraft:wheat_technical has a bad registry name! Attempting to parse and reassemble correctly...
Parsed bad name into: modid: DragonAPI, name: minecraft:wheat_technical. If this is not correct please report it as a bug!
DragonAPI:minecraft:wooden_door_technical has a bad registry name! Attempting to parse and reassemble correctly...
Parsed bad name into: modid: DragonAPI, name: minecraft:wooden_door_technical. If this is not correct please report it as a bug!
Found creative tab: tabBloodMagic
Found creative tab: misc
Found creative tab: agricraft
Found creative tab: archimedesTab
Found creative tab: tools
Found creative tab: tabGeneral
Found creative tab: tabArtifacts
Found creative tab: Automagy
Found creative tab: avaritia
Found creative tab: BiblioCraft
Found creative tab: BiblioCraftLights
Found creative tab: redstone
Found creative tab: materials
Found creative tab: Genetics
Found creative tab: apiculture
Found creative tab: buildingBlocks
Found creative tab: tabBiomesOPlenty
Found creative tab: Botania
Found creative tab: Botany
Found creative tab: buildcraft.main
Found creative tab: buildcraft.pipes
Found creative tab: buildcraft.boards
Found creative tab: buildcraft.facades
Found creative tab: buildcraft.gates
Found creative tab: CarpentersBlocks
Found creative tab: decorations
Found creative tab: CaveDecorations
Found creative tab: combat
Found creative tab: forestry
Found creative tab: ChromatiCraft Worldgen
Found creative tab: ChromatiCraft Deco
Found creative tab: ChromatiCraft
Found creative tab: ChromatiCraft Items
Found creative tab: ChromatiCraft Tools
Found creative tab: CC Info Fragments
Found creative tab: transportation
Found creative tab: EnderIO
Found creative tab: EnderTechAll
Found creative tab: EnderZoo
Found creative tab: arboriculture
Found creative tab: lepidopterology
Found creative tab: extraUtil
Found creative tab: extraUtil_FMP
Found creative tab: forbidden
Found creative tab: mobcrystal
Found creative tab: gardenCore
Found creative tab: gardenTrees
Found creative tab: GeoStrata
Found creative tab: GeoStrata Ores
Found creative tab: GeoStrata Slabs
Found creative tab: GeoStrata Stairs
Found creative tab: GeoStrata Stone
Found creative tab: IC2
Found creative tab: CreativeTabName
Found creative tab: tabHardcoreEnderExpansion
Found creative tab: Nuclear Control 2
Found creative tab: ImmersiveEngineering
Found creative tab: jabba
Found creative tab: Logistics_Pipes
Found creative tab: loreexp
Found creative tab: tabMCA
Found creative tab: tabMCA.gemCutting
Found creative tab: magicBees
Found creative tab: food
Found creative tab: MagicCookies
Found creative tab: Magneticraft|Industrial Age
Found creative tab: Magneticraft|Steam Age
Found creative tab: Magneticraft|Main
Found creative tab: Magneticraft|Electrical Age
Found creative tab: Magneticraft|Information Age
Found creative tab: MineFactory Reloaded
Found creative tab: MoCreaturesTab
Found creative tab: moarSigns
Found creative tab: NOVA
Found creative tab: NVLToolsTab
Found creative tab: natura.plants
Found creative tab: natura.nether
Found creative tab: natura.trees
Found creative tab: Nether Ores
Found creative tab: NotEnoughWands
Found creative tab: tabOpenBlocks
Found creative tab: OpenComputers
Found creative tab: tabOpenPeripheralAddons
Found creative tab: Pistronics2
Found creative tab: tabPneumaticCraft
Found creative tab: TConstructBlocks
Found creative tab: core
Found creative tab: expansion
Found creative tab: exploration
Found creative tab: fab
Found creative tab: ill
Found creative tab: int
Found creative tab: trans
Found creative tab: transport
Found creative tab: railcraft
Found creative tab: Random Things
Found creative tab: ReactorCraft
Found creative tab: ReactorCraft Components
Found creative tab: ReactorCraft Items
Found creative tab: redstonearsenal.creativeTab
Found creative tab: RotaryCraft
Found creative tab: RotaryCraft Tools
Found creative tab: RotaryCraft Items
Found creative tab: Mod Ores
Found creative tab: Spawners
Found creative tab: tabSanguimancy
Found creative tab: solarexpansion
Found creative tab: steamcraft
Found creative tab: steamcraftTools
Found creative tab: SC2Blocks
Found creative tab: SC2Modules
Found creative tab: SC2Items
Found creative tab: steves_production
Found creative tab: storageDrawers
Found creative tab: storageDrawersBop
Found creative tab: storageDrawersForestry
Found creative tab: storageDrawersNatura
Found creative tab: sync
Found creative tab: TConstructTools
Found creative tab: TConstructParts
Found creative tab: TConstructMaterials
Found creative tab: TConstructEquipables
Found creative tab: TMechworks
Found creative tab: TaintedMagic
Found creative tab: thaumcraft
Found creative tab: thaumicExploration
Found creative tab: thaumichorizons
Found creative tab: ThaumicTinkerer
Found creative tab: brewing
Found creative tab: thermaldynamics.creativeTab
Found creative tab: thermaldynamics.creativeTabCovers
Found creative tab: thermalexpansion.creativeTabBlocks
Found creative tab: thermalexpansion.creativeTabItems
Found creative tab: thermalexpansion.creativeTabTools
Found creative tab: thermalexpansion.creativeTabFlorbs
Found creative tab: thermalfoundation.creativeTab
Found creative tab: thermalfoundation.creativeTabArmor
Found creative tab: thermalfoundation.creativeTabTools
Found creative tab: travellersgear
Found creative tab: twilightForest
Found creative tab: TwilightForestPortalCatalyst
Found creative tab: witchinggadgets
Found creative tab: ztones
Found creative tab: advancedRocketryOres
Found creative tab: advancedRocketry
Found creative tab: bdew.ae2stuff
Found creative tab: Aether Materials
Found creative tab: Aether Blocks
Found creative tab: Aether Miscellaneous
Found creative tab: Aether Food
Found creative tab: Aether Accessories
Found creative tab: Aether Weapons
Found creative tab: Companions
Found creative tab: Aether Tools
Found creative tab: Aether Armor
Found creative tab: aobd
Found creative tab: appliedenergistics2
Found creative tab: appliedenergistics2.facades
Found creative tab: lycanitesmobs.creatures
Found creative tab: lycanitesmobs.items
Found creative tab: Ars Magica Items
Found creative tab: Ars Magica Blocks
Found creative tab: astikoor
Found creative tab: aura
Found creative tab: avaritiaddons
Found creative tab: Battlegear2
Found creative tab: catwalks
Found creative tab: chancecubes
Found creative tab: tabWoodChiselBlocks
Found creative tab: tabStairChiselBlocks
Found creative tab: tabModdedChiselBlocks
Found creative tab: tabStoneChiselBlocks
Found creative tab: tabOtherChiselBlocks
Found creative tab: tabChisel
Found creative tab: tabMetalChiselBlocks
Found creative tab: ChocoCraft
Found creative tab: Items
Found creative tab: cookingbook
Found creative tab: cnpcsm
Found creative tab: cnpcsa
Found creative tab: cnpcsb
Found creative tab: cnpcsw
Found creative tab: cnpcs
Found creative tab: DeepResonance
Found creative tab: dss.skills
Found creative tab: eternalsingularity
Found creative tab: etfuturum
Found creative tab: Eureka
Found creative tab: Ewy's Workshop
Found creative tab: Extra_Cells
Found creative tab: fairylights
Found creative tab: farlandersTab
Found creative tab: FluidConverters
Found creative tab: Fossil Blocks
Found creative tab: Fossil Items
Found creative tab: funkylocomotion
Found creative tab: gadomancy
Found creative tab: bdew.gendustry
Found creative tab: bdew.samples
Found creative tab: bdew.templates
Found creative tab: GregTech.Main
Found creative tab: GregTech.Materials
Found creative tab: GregTech.Ores
Found creative tab: GTVeinLocator
Found creative tab: guideapi.creativeTab
Found creative tab: hardcorewither.creativeTab
Found creative tab: tabHarvestCraft2
Found creative tab: tabHarvestCraft3
Found creative tab: tabHarvestCraft
Found creative tab: headcrumbs
Found creative tab: immersiveintegration
Found creative tab: multiBlock
Found creative tab: tabLootPP
Found creative tab: malisisdoors
Found creative tab: WeaponsTab
Found creative tab: GenerationTab
Found creative tab: ArmorTab
Found creative tab: BowsTab
Found creative tab: SlabTab
Found creative tab: ToolsTab
Found creative tab: MineralsTab
Found creative tab: SwordsTab
Found creative tab: MiscTab
Found creative tab: TablesTab
Found creative tab: FurnitureTab
Found creative tab: CannonsTab
Found creative tab: BossesTab
Found creative tab: AncientTab
Found creative tab: StaffTab
Found creative tab: GreatbladesTab
Found creative tab: SnipersTab
Found creative tab: VulcanesTab
Found creative tab: FarmingTab
Found creative tab: FishTab
Found creative tab: ThrowablesTab
Found creative tab: RunesTab
Found creative tab: ArchergunTab
Found creative tab: TotemsTab
Found creative tab: ScythesTab
Found creative tab: LightingTab
Found creative tab: SoulTab
Found creative tab: DecorativeBlocksTab
Found creative tab: tabObsTrophies
Found creative tab: openmodularturrets
Found creative tab: OpenSecurity
Found creative tab: OpenSensors
Found creative tab: powersuits
Found creative tab: props.Main
Found creative tab: search
Found creative tab: tabRailcraftCos
Found creative tab: inventoryGenerators
Found creative tab: structureTools
Found creative tab: rfdrills
Found creative tab: RfTools
Found creative tab: RfToolsDimlets
Found creative tab: secretroomsmod
Found creative tab: tabSimplyJetpacks
Found creative tab: Technomancy
Found creative tab: ThaumicEnergistics
Found creative tab: tabWitchery
Setting up ForgeMicroblock Library...
Setting up ExtraUtilities Library...
Setting up BuildCraft Library...
Setting up Applied Energistics 2 Library...
Loading table of contents for module: custom_nei_filters, 1.0, Author: denoflionsx
Bootstrap setting found. Loading: Bootstrap.js
Loading: vanilla.js
hide called. Params: minecraft, portal
Regex match found! minecraft:portal matches minecraft:portal.
Found ItemStack minecraft:portal. 64xtile.portal@0
hide called. Params: minecraft, end_portal
Regex match found! minecraft:end_portal matches minecraft:end_portal.
Found ItemStack minecraft:end_portal. 64xtile.null@0
hide called. Params: minecraft, fire
Regex match found! minecraft:fire matches minecraft:fire.
Found ItemStack minecraft:fire. 64xtile.fire@0
hide called. Params: minecraft, water
Regex match found! minecraft:water matches minecraft:water.
Found ItemStack minecraft:water. 64xtile.water@0
hide called. Params: minecraft, lava
Regex match found! minecraft:lava matches minecraft:lava.
Found ItemStack minecraft:lava. 64xtile.lava@0
hide called. Params: minecraft, mob_spawner
Regex match found! minecraft:mob_spawner matches minecraft:mob_spawner.
Found ItemStack minecraft:mob_spawner. 64xtile.mobSpawner@0
override called. Params: minecraft, potion, 0
Regex match found! minecraft:potion matches minecraft:potion.
Found ItemStack minecraft:potion. 1xitem.potion@0
override called. Params: minecraft, spawn_egg, 0
Regex match found! minecraft:spawn_egg matches minecraft:spawn_egg.
Found ItemStack minecraft:spawn_egg. 64xitem.monsterPlacer@0
Loading: ThermalExpansion.js
override called. Params: ThermalExpansion, florb, 0,1
Regex match found! ThermalExpansion:florb matches ThermalExpansion:florb.
Found ItemStack ThermalExpansion:florb. 16xitem.thermalexpansion.florb@0
Loading: Mekanism.js
Loading: ForgeMicroblock.js
getRandomMaterial called. Returned: ChromatiCraft:chromaticraft_block_dye_13
obliterate_microblocks called (version in info.inpureprojects.core.NEI.gtfoMicroblocks.ScriptObjects.ForgeMicroblockObject). Params: 1,2,4,257,258,260,513,514,516,769,770,772, ChromatiCraft:chromaticraft_block_dye_13
Loading: ExtraUtilities.js
override called. Params: ExtraUtilities, drum, 0,1
Regex match found! ExtraUtilities:drum matches ExtraUtilities:drum.
Found ItemStack ExtraUtilities:drum. 64xtile.extrautils:drum@0
getRandomMaterial called. Returned: ChromatiCraft:chromaticraft_block_pylonstruct_11
obliterate_microblocks called (version in info.inpureprojects.core.NEI.gtfoMicroblocks.ScriptObjects.ExtraUtilitiesObject). Params: 1,2,3, ChromatiCraft:chromaticraft_block_pylonstruct_11
Loading: BuildCraft.js
getFacadesSize called. Returned: 6369
obliterate_microblocks called (version in info.inpureprojects.core.NEI.gtfoMicroblocks.ScriptObjects.BCObject). Params: 821
Loading: Bibliocraft.js
override called. Params: BiblioCraft, *, 0
Regex match found! BiblioCraft:* matches BiblioCraft:Armor Stand.
Regex match found! BiblioCraft:* matches BiblioCraft:BiblioBell.
Regex match found! BiblioCraft:* matches BiblioCraft:BiblioBorderlessPainting.
Regex match found! BiblioCraft:* matches BiblioCraft:BiblioCase.
Regex match found! BiblioCraft:* matches BiblioCraft:BiblioClipboard.
Regex match found! BiblioCraft:* matches BiblioCraft:BiblioClock.
Regex match found! BiblioCraft:* matches BiblioCraft:BiblioDesk.
Regex match found! BiblioCraft:* matches BiblioCraft:BiblioFancyPainting.
Regex match found! BiblioCraft:* matches BiblioCraft:BiblioFancySign.
Regex match found! BiblioCraft:* matches BiblioCraft:BiblioFlatPainting.
Regex match found! BiblioCraft:* matches BiblioCraft:BiblioIronLamp.
Regex match found! BiblioCraft:* matches BiblioCraft:BiblioIronLantern.
Regex match found! BiblioCraft:* matches BiblioCraft:BiblioLabel.
Regex match found! BiblioCraft:* matches BiblioCraft:BiblioLamp.
Regex match found! BiblioCraft:* matches BiblioCraft:BiblioLantern.
Regex match found! BiblioCraft:* matches BiblioCraft:BiblioMapFrames.
Regex match found! BiblioCraft:* matches BiblioCraft:BiblioMiddlePainting.
Regex match found! BiblioCraft:* matches BiblioCraft:BiblioPaintPress.
Regex match found! BiblioCraft:* matches BiblioCraft:BiblioPaneler.
Regex match found! BiblioCraft:* matches BiblioCraft:BiblioPotionShelf.
Regex match found! BiblioCraft:* matches BiblioCraft:BiblioRack.
Regex match found! BiblioCraft:* matches BiblioCraft:BiblioSeats.
Regex match found! BiblioCraft:* matches BiblioCraft:BiblioShelf.
Regex match found! BiblioCraft:* matches BiblioCraft:BiblioSimplePainting.
Regex match found! BiblioCraft:* matches BiblioCraft:BiblioStuffs.
Regex match found! BiblioCraft:* matches BiblioCraft:BiblioSwordPedestal.
Regex match found! BiblioCraft:* matches BiblioCraft:BiblioTable.
Regex match found! BiblioCraft:* matches BiblioCraft:BiblioTypewriter.
Regex match found! BiblioCraft:* matches BiblioCraft:BiblioWorkbench.
Regex match found! BiblioCraft:* matches BiblioCraft:Bibliotheca.
Regex match found! BiblioCraft:* matches BiblioCraft:BookcaseFilled.
Regex match found! BiblioCraft:* matches BiblioCraft:Printing Press.
Regex match found! BiblioCraft:* matches BiblioCraft:Typesetting Machine.
Regex match found! BiblioCraft:* matches BiblioCraft:item.AtlasBook.
Regex match found! BiblioCraft:* matches BiblioCraft:item.AtlasPlate.
Regex match found! BiblioCraft:* matches BiblioCraft:item.BiblioChase.
Regex match found! BiblioCraft:* matches BiblioCraft:item.BiblioClipboard.
Regex match found! BiblioCraft:* matches BiblioCraft:item.BiblioCreativeLock.
Regex match found! BiblioCraft:* matches BiblioCraft:item.BiblioDrill.
Regex match found! BiblioCraft:* matches BiblioCraft:item.BiblioGlasses.
Regex match found! BiblioCraft:* matches BiblioCraft:item.BiblioMapTool.
Regex match found! BiblioCraft:* matches BiblioCraft:item.BiblioRedBook.
Regex match found! BiblioCraft:* matches BiblioCraft:item.BiblioWayPointCompass.
Regex match found! BiblioCraft:* matches BiblioCraft:item.BigBook.
Regex match found! BiblioCraft:* matches BiblioCraft:item.DeathCompass.
Regex match found! BiblioCraft:* matches BiblioCraft:item.EnchantedPlate.
Regex match found! BiblioCraft:* matches BiblioCraft:item.FramingBoard.
Regex match found! BiblioCraft:* matches BiblioCraft:item.FramingSaw.
Regex match found! BiblioCraft:* matches BiblioCraft:item.FramingSheet.
Regex match found! BiblioCraft:* matches BiblioCraft:item.HandDrill.
Regex match found! BiblioCraft:* matches BiblioCraft:item.PaintingCanvas.
Regex match found! BiblioCraft:* matches BiblioCraft:item.PlumbLine.
Regex match found! BiblioCraft:* matches BiblioCraft:item.PrintPlate.
Regex match found! BiblioCraft:* matches BiblioCraft:item.RecipeBook.
Regex match found! BiblioCraft:* matches BiblioCraft:item.SlottedBook.
Regex match found! BiblioCraft:* matches BiblioCraft:item.StockroomCatalog.
Regex match found! BiblioCraft:* matches BiblioCraft:item.TesterItem.
Regex match found! BiblioCraft:* matches BiblioCraft:item.seatBack.
Regex match found! BiblioCraft:* matches BiblioCraft:item.seatBack2.
Regex match found! BiblioCraft:* matches BiblioCraft:item.seatBack3.
Regex match found! BiblioCraft:* matches BiblioCraft:item.seatBack4.
Regex match found! BiblioCraft:* matches BiblioCraft:item.seatBack5.
Regex match found! BiblioCraft:* matches BiblioCraft:item.tape.
Regex match found! BiblioCraft:* matches BiblioCraft:item.tapeMeasure.
Regex match found! BiblioCraft:* matches BiblioCraft:tile.BiblioFramedChest.
Found ItemStack BiblioCraft:Armor Stand. 64xtile.BiblioArmorStand@0
Found ItemStack BiblioCraft:BiblioBell. 64xtile.BiblioBell@0
Found ItemStack BiblioCraft:BiblioBorderlessPainting. 64xtile.BiblioBorderlessPainting@0
Found ItemStack BiblioCraft:BiblioCase. 64xtile.BiblioCase@0
Found ItemStack BiblioCraft:BiblioClipboard. 64xtile.BiblioClipboard@0
Found ItemStack BiblioCraft:BiblioClock. 64xtile.BiblioClock@0
Found ItemStack BiblioCraft:BiblioDesk. 64xtile.BiblioDesk@0
Found ItemStack BiblioCraft:BiblioFancyPainting. 64xtile.BiblioFancyPainting@0
Found ItemStack BiblioCraft:BiblioFancySign. 64xtile.BiblioFancySign@0
Found ItemStack BiblioCraft:BiblioFlatPainting. 64xtile.BiblioFlatPainting@0
Found ItemStack BiblioCraft:BiblioIronLamp. 64xtile.BiblioIronLamp@0
Found ItemStack BiblioCraft:BiblioIronLantern. 64xtile.BiblioIronLantern@0
Found ItemStack BiblioCraft:BiblioLabel. 64xtile.BiblioLabel@0
Found ItemStack BiblioCraft:BiblioLamp. 64xtile.BiblioLamp@0
Found ItemStack BiblioCraft:BiblioLantern. 64xtile.BiblioLantern@0
Found ItemStack BiblioCraft:BiblioMapFrames. 64xtile.BiblioMapFrames@0
Found ItemStack BiblioCraft:BiblioMiddlePainting. 64xtile.BiblioMiddlePainting@0
Found ItemStack BiblioCraft:BiblioPaintPress. 64xtile.BiblioPaintPress@0
Found ItemStack BiblioCraft:BiblioPaneler. 64xtile.BiblioPaneler@0
Found ItemStack BiblioCraft:BiblioPotionShelf. 64xtile.BiblioPotionShelf@0
Found ItemStack BiblioCraft:BiblioRack. 64xtile.BiblioRack@0
Found ItemStack BiblioCraft:BiblioSeats. 64xtile.BiblioSeats@0
Found ItemStack BiblioCraft:BiblioShelf. 64xtile.BiblioShelf@0
Found ItemStack BiblioCraft:BiblioSimplePainting. 64xtile.BiblioSimplePainting@0
Found ItemStack BiblioCraft:BiblioStuffs. 64xtile.BiblioStuffs@0
Found ItemStack BiblioCraft:BiblioSwordPedestal. 64xtile.BiblioSwordPedestal@0
Found ItemStack BiblioCraft:BiblioTable. 64xtile.BiblioTable@0
Found ItemStack BiblioCraft:BiblioTypewriter. 64xtile.BiblioTypewriter@0
Found ItemStack BiblioCraft:BiblioWorkbench. 64xtile.BiblioWorkbench@0
Found ItemStack BiblioCraft:Bibliotheca. 64xtile.BiblioBookcase@0
Found ItemStack BiblioCraft:BookcaseFilled. 64xtile.BookcaseFilled@0
Found ItemStack BiblioCraft:Printing Press. 64xtile.BiblioPress@0
Found ItemStack BiblioCraft:Typesetting Machine. 64xtile.BiblioType@0
Found ItemStack BiblioCraft:item.AtlasBook. 1xitem.AtlasBook@0
Found ItemStack BiblioCraft:item.AtlasPlate. 1xitem.AtlasPlate@0
Found ItemStack BiblioCraft:item.BiblioChase. 64xitem.BiblioChase@0
Found ItemStack BiblioCraft:item.BiblioClipboard. 1xitem.BiblioClipboard@0
Found ItemStack BiblioCraft:item.BiblioCreativeLock. 1xitem.BiblioCreativeLock@0
Found ItemStack BiblioCraft:item.BiblioDrill. 1xitem.BiblioDrill@0
Found ItemStack BiblioCraft:item.BiblioGlasses. 1xitem.BiblioGlasses@0
Found ItemStack BiblioCraft:item.BiblioMapTool. 1xitem.BiblioMapTool@0
Found ItemStack BiblioCraft:item.BiblioRedBook. 64xitem.BiblioRedBook@0
Found ItemStack BiblioCraft:item.BiblioWayPointCompass. 1xitem.BiblioWayPointCompass@0
Found ItemStack BiblioCraft:item.BigBook. 1xitem.BigBook@0
Found ItemStack BiblioCraft:item.DeathCompass. 64xitem.DeathCompass@0
Found ItemStack BiblioCraft:item.EnchantedPlate. 1xitem.EnchantedPlate@0
Found ItemStack BiblioCraft:item.FramingBoard. 64xitem.FramingBoard@0
Found ItemStack BiblioCraft:item.FramingSaw. 1xitem.FramingSaw@0
Found ItemStack BiblioCraft:item.FramingSheet. 64xitem.FramingSheet@0
Found ItemStack BiblioCraft:item.HandDrill. 1xitem.HandDrill@0
Found ItemStack BiblioCraft:item.PaintingCanvas. 64xitem.PaintingCanvas@0
Found ItemStack BiblioCraft:item.PlumbLine. 1xitem.PlumbLine@0
Found ItemStack BiblioCraft:item.PrintPlate. 1xitem.PrintPlate@0
Found ItemStack BiblioCraft:item.RecipeBook. 1xitem.RecipeBook@0
Found ItemStack BiblioCraft:item.SlottedBook. 1xitem.SlottedBook@0
Found ItemStack BiblioCraft:item.StockroomCatalog. 1xitem.StockroomCatalog@0
Found ItemStack BiblioCraft:item.TesterItem. 1xitem.TesterItem@0
Found ItemStack BiblioCraft:item.seatBack. 64xitem.seatBack@0
Found ItemStack BiblioCraft:item.seatBack2. 64xitem.seatBack@0
Found ItemStack BiblioCraft:item.seatBack3. 64xitem.seatBack@0
Found ItemStack BiblioCraft:item.seatBack4. 64xitem.seatBack@0
Found ItemStack BiblioCraft:item.seatBack5. 64xitem.seatBack@0
Found ItemStack BiblioCraft:item.tape. 64xitem.tape@0
Found ItemStack BiblioCraft:item.tapeMeasure. 1xitem.tapeMeasure@0
Found ItemStack BiblioCraft:tile.BiblioFramedChest. 64xtile.BiblioFramedChest@0
Loading: AppliedEnergistics2.js
getFacadeItem called. Returned: appliedenergistics2:item.ItemFacade
getSubTypes called.
getNumberOfTypes called. Returned: 4096
override called. Params: appliedenergistics2, item.ItemFacade, 1245
Regex match found! appliedenergistics2:item.ItemFacade matches appliedenergistics2:item.ItemFacade.
Found ItemStack appliedenergistics2:item.ItemFacade. 64xitem.appliedenergistics2.ItemFacade@0
Loading: Tcon.js
hide called. Params: TConstruct, ToolStationBlock
Regex match found! TConstruct:ToolStationBlock matches TConstruct:ToolStationBlock.
Found ItemStack TConstruct:ToolStationBlock. 64xtile.ToolStation@0
hide called. Params: TConstruct, ToolForgeBlock
Regex match found! TConstruct:ToolForgeBlock matches TConstruct:ToolForgeBlock.
Found ItemStack TConstruct:ToolForgeBlock. 64xtile.ToolForge@0
hide called. Params: TConstruct, blankPattern
Regex match found! TConstruct:blankPattern matches TConstruct:blankPattern.
Found ItemStack TConstruct:blankPattern. 64xitem.tconstruct.Pattern@0
hide called. Params: TConstruct, woodPattern
Regex match found! TConstruct:woodPattern matches TConstruct:woodPattern.
Found ItemStack TConstruct:woodPattern. 1xitem.tconstruct.Pattern@0
hide called. Params: TConstruct, pickaxe
Regex match found! TConstruct:pickaxe matches TConstruct:pickaxe.
Found ItemStack TConstruct:pickaxe. 1xitem.InfiTool.Pickaxe@0
hide called. Params: TConstruct, shovel
Regex match found! TConstruct:shovel matches TConstruct:shovel.
Found ItemStack TConstruct:shovel. 1xitem.InfiTool.Shovel@0
hide called. Params: TConstruct, hatchet
Regex match found! TConstruct:hatchet matches TConstruct:hatchet.
Found ItemStack TConstruct:hatchet. 1xitem.InfiTool.Axe@0
hide called. Params: TConstruct, broadsword
Regex match found! TConstruct:broadsword matches TConstruct:broadsword.
Found ItemStack TConstruct:broadsword. 1xitem.InfiTool.Broadsword@0
hide called. Params: TConstruct, longsword
Regex match found! TConstruct:longsword matches TConstruct:longsword.
Found ItemStack TConstruct:longsword. 1xitem.InfiTool.Longsword@0
hide called. Params: TConstruct, rapier
Regex match found! TConstruct:rapier matches TConstruct:rapier.
Found ItemStack TConstruct:rapier. 1xitem.InfiTool.Rapier@0
hide called. Params: TConstruct, dagger
Regex match found! TConstruct:dagger matches TConstruct:dagger.
Found ItemStack TConstruct:dagger. 1xitem.InfiTool.Dagger@0
hide called. Params: TConstruct, cutlass
Regex match found! TConstruct:cutlass matches TConstruct:cutlass.
Found ItemStack TConstruct:cutlass. 1xitem.InfiTool.Cutlass@0
hide called. Params: TConstruct, frypan
Regex match found! TConstruct:frypan matches TConstruct:frypan.
Found ItemStack TConstruct:frypan. 1xitem.InfiTool.FryPan@0
hide called. Params: TConstruct, battlesign
Regex match found! TConstruct:battlesign matches TConstruct:battlesign.
Found ItemStack TConstruct:battlesign. 1xitem.InfiTool.Battlesign@0
hide called. Params: TConstruct, mattock
Regex match found! TConstruct:mattock matches TConstruct:mattock.
Found ItemStack TConstruct:mattock. 1xitem.InfiTool.Mattock@0
hide called. Params: TConstruct, chisel
Regex match found! TConstruct:chisel matches TConstruct:chisel.
Found ItemStack TConstruct:chisel. 1xitem.InfiTool.Chisel@0
hide called. Params: TConstruct, lumberaxe
Regex match found! TConstruct:lumberaxe matches TConstruct:lumberaxe.
Found ItemStack TConstruct:lumberaxe. 1xitem.InfiTool.LumberAxe@0
hide called. Params: TConstruct, cleaver
Regex match found! TConstruct:cleaver matches TConstruct:cleaver.
Found ItemStack TConstruct:cleaver. 1xitem.InfiTool.Cleaver@0
hide called. Params: TConstruct, scythe
Regex match found! TConstruct:scythe matches TConstruct:scythe.
Found ItemStack TConstruct:scythe. 1xitem.InfiTool.Scythe@0
hide called. Params: TConstruct, excavator
Regex match found! TConstruct:excavator matches TConstruct:excavator.
Found ItemStack TConstruct:excavator. 1xitem.InfiTool.Excavator@0
hide called. Params: TConstruct, hammer
Regex match found! TConstruct:hammer matches TConstruct:hammer.
Found ItemStack TConstruct:hammer. 1xitem.InfiTool.Hammer@0
hide called. Params: TConstruct, battleaxe
Regex match found! TConstruct:battleaxe matches TConstruct:battleaxe.
Found ItemStack TConstruct:battleaxe. 1xitem.InfiTool.Battleaxe@0
hide called. Params: TConstruct, toolRod
Regex match found! TConstruct:toolRod matches TConstruct:toolRod.
Found ItemStack TConstruct:toolRod. 64xitem.tconstruct.ToolRod@0
hide called. Params: TConstruct, pickaxeHead
Regex match found! TConstruct:pickaxeHead matches TConstruct:pickaxeHead.
Found ItemStack TConstruct:pickaxeHead. 64xitem.tconstruct.PickaxeHead@0
hide called. Params: TConstruct, shovelHead
Regex match found! TConstruct:shovelHead matches TConstruct:shovelHead.
Found ItemStack TConstruct:shovelHead. 64xitem.tconstruct.ShovelHead@0
hide called. Params: TConstruct, hatchetHead
Regex match found! TConstruct:hatchetHead matches TConstruct:hatchetHead.
Found ItemStack TConstruct:hatchetHead. 64xitem.tconstruct.AxeHead@0
hide called. Params: TConstruct, toolShard
Regex match found! TConstruct:toolShard matches TConstruct:toolShard.
Found ItemStack TConstruct:toolShard. 64xitem.tconstruct.ToolShard@0
hide called. Params: TConstruct, binding
Regex match found! TConstruct:binding matches TConstruct:binding.
Found ItemStack TConstruct:binding. 64xitem.tconstruct.Binding@0
hide called. Params: TConstruct, toughBinding
Regex match found! TConstruct:toughBinding matches TConstruct:toughBinding.
Found ItemStack TConstruct:toughBinding. 64xitem.tconstruct.ToughBinding@0
hide called. Params: TConstruct, toughRod
Regex match found! TConstruct:toughRod matches TConstruct:toughRod.
Found ItemStack TConstruct:toughRod. 64xitem.tconstruct.ToughRod@0
hide called. Params: TConstruct, heavyPlate
Regex match found! TConstruct:heavyPlate matches TConstruct:heavyPlate.
Found ItemStack TConstruct:heavyPlate. 64xitem.tconstruct.LargePlate@0
hide called. Params: TConstruct, swordBlade
Regex match found! TConstruct:swordBlade matches TConstruct:swordBlade.
Found ItemStack TConstruct:swordBlade. 64xitem.tconstruct.SwordBlade@0
hide called. Params: TConstruct, wideGuard
Regex match found! TConstruct:wideGuard matches TConstruct:wideGuard.
Found ItemStack TConstruct:wideGuard. 64xitem.tconstruct.LargeGuard@0
hide called. Params: TConstruct, handGuard
Regex match found! TConstruct:handGuard matches TConstruct:handGuard.
Found ItemStack TConstruct:handGuard. 64xitem.tconstruct.MediumGuard@0
hide called. Params: TConstruct, crossbar
Regex match found! TConstruct:crossbar matches TConstruct:crossbar.
Found ItemStack TConstruct:crossbar. 64xitem.tconstruct.Crossbar@0
hide called. Params: TConstruct, knifeBlade
Regex match found! TConstruct:knifeBlade matches TConstruct:knifeBlade.
Found ItemStack TConstruct:knifeBlade. 64xitem.tconstruct.KnifeBlade@0
hide called. Params: TConstruct, fullGuard
Regex match found! TConstruct:fullGuard matches TConstruct:fullGuard.
Found ItemStack TConstruct:fullGuard. 64xitem.tconstruct.FullGuard@0
hide called. Params: TConstruct, frypanHead
Regex match found! TConstruct:frypanHead matches TConstruct:frypanHead.
Found ItemStack TConstruct:frypanHead. 64xitem.tconstruct.FrypanHead@0
hide called. Params: TConstruct, signHead
Regex match found! TConstruct:signHead matches TConstruct:signHead.
Found ItemStack TConstruct:signHead. 64xitem.tconstruct.SignHead@0
hide called. Params: TConstruct, chiselHead
Regex match found! TConstruct:chiselHead matches TConstruct:chiselHead.
Found ItemStack TConstruct:chiselHead. 64xitem.tconstruct.ChiselHead@0
hide called. Params: TConstruct, scytheBlade
Regex match found! TConstruct:scytheBlade matches TConstruct:scytheBlade.
Found ItemStack TConstruct:scytheBlade. 64xitem.tconstruct.ScytheHead@0
hide called. Params: TConstruct, broadAxeHead
Regex match found! TConstruct:broadAxeHead matches TConstruct:broadAxeHead.
Found ItemStack TConstruct:broadAxeHead. 64xitem.tconstruct.LumberAxeHead@0
hide called. Params: TConstruct, excavatorHead
Regex match found! TConstruct:excavatorHead matches TConstruct:excavatorHead.
Found ItemStack TConstruct:excavatorHead. 64xitem.tconstruct.ExcavatorHead@0
hide called. Params: TConstruct, largeSwordBlade
Regex match found! TConstruct:largeSwordBlade matches TConstruct:largeSwordBlade.
Found ItemStack TConstruct:largeSwordBlade. 64xitem.tconstruct.LargeSwordBlade@0
hide called. Params: TConstruct, hammerHead
Regex match found! TConstruct:hammerHead matches TConstruct:hammerHead.
Found ItemStack TConstruct:hammerHead. 64xitem.tconstruct.HammerHead@0
hide called. Params: TConstruct, creativeModifier
Regex match found! TConstruct:creativeModifier matches TConstruct:creativeModifier.
Found ItemStack TConstruct:creativeModifier. 64xitem.tconstruct.modifier.creative@0
hide called. Params: TConstruct, manualBook
Regex match found! TConstruct:manualBook matches TConstruct:manualBook.
Found ItemStack TConstruct:manualBook. 64xitem.tconstruct.manual@0
hide called. Params: TConstruct, travelGoggles
Regex match found! TConstruct:travelGoggles matches TConstruct:travelGoggles.
Found ItemStack TConstruct:travelGoggles. 1xitem.tconstruct.travelgoggles@0
hide called. Params: TConstruct, travelVest
Regex match found! TConstruct:travelVest matches TConstruct:travelVest.
Found ItemStack TConstruct:travelVest. 1xitem.tconstruct.travelvest@0
hide called. Params: TConstruct, travelWings
Regex match found! TConstruct:travelWings matches TConstruct:travelWings.
Found ItemStack TConstruct:travelWings. 1xitem.tconstruct.travelwings@0
hide called. Params: TConstruct, travelBoots
Regex match found! TConstruct:travelBoots matches TConstruct:travelBoots.
Found ItemStack TConstruct:travelBoots. 1xitem.tconstruct.travelboots@0
hide called. Params: TConstruct, travelGlove
Regex match found! TConstruct:travelGlove matches TConstruct:travelGlove.
Found ItemStack TConstruct:travelGlove. 1xitem.tconstruct.travelgloves@0
hide called. Params: TConstruct, goldHead
Regex match found! TConstruct:goldHead matches TConstruct:goldHead.
Found ItemStack TConstruct:goldHead. 64xitem.goldenhead@0
hide called. Params: TConstruct, SmelteryNether
Regex match found! TConstruct:SmelteryNether matches TConstruct:SmelteryNether.
Found ItemStack TConstruct:SmelteryNether. 64xtile.Smeltery@0
hide called. Params: TConstruct, SmelteryNether
Regex match found! TConstruct:SmelteryNether matches TConstruct:SmelteryNether.
Found ItemStack TConstruct:SmelteryNether. 64xtile.Smeltery@0
hide called. Params: TConstruct, SearedBlockNether
Regex match found! TConstruct:SearedBlockNether matches TConstruct:SearedBlockNether.
Found ItemStack TConstruct:SearedBlockNether. 64xtile.SearedBlock@0
override called. Params: TConstruct, CraftingSlab, 0
Regex match found! TConstruct:CraftingSlab matches TConstruct:CraftingSlab.
Found ItemStack TConstruct:CraftingSlab. 64xtile.CraftingSlab@0
override called. Params: TConstruct, metalPattern, 0,26,27
Regex match found! TConstruct:metalPattern matches TConstruct:metalPattern.
Found ItemStack TConstruct:metalPattern. 1xitem.tconstruct.MetalPattern@0
override called. Params: TConstruct, materials, 2,3,8,9,10,11,13,16,19,20
Regex match found! TConstruct:materials matches TConstruct:materials.
Found ItemStack TConstruct:materials. 64xitem.tconstruct.Materials@0
Loading: MFR.js
override called. Params: MineFactoryReloaded, tile.mfr.stainedglass.block, 0
hide called. Params: MineFactoryReloaded:fluid.mfr.liquid.milk.still, 0
override called. Params: MineFactoryReloaded, tile.mfr.stainedglass.pane, 0
override called. Params: MineFactoryReloaded, tile.mfr.conveyor, 0
Loading: OpenBlocks.js
override called. Params: OpenBlocks, tank, 0
Regex match found! OpenBlocks:tank matches OpenBlocks:tank.
Found ItemStack OpenBlocks:tank. 64xtile.openblocks.tank@0
